2024-10-01 15:50:22,858 [Worker-1: Loading available Gradle versions] INFO  o.e.b.c.i.u.g.PublishedGradleVersions - Gradle version information cache is up-to-date. Trying to read.
2024-10-01 15:55:19,103 [ModalContext] INFO  o.e.m.c.i.e.AbstractTransferListenerAdapter - Downloading https://repo.maven.apache.org/maven2/org/apache/maven/archetypes/maven-archetype-quickstart/1.5/maven-archetype-quickstart-1.5.pom
2024-10-01 15:55:19,133 [ModalContext] INFO  o.e.m.c.i.e.AbstractTransferListenerAdapter - Downloaded https://repo.maven.apache.org/maven2/org/apache/maven/archetypes/maven-archetype-quickstart/1.5/maven-archetype-quickstart-1.5.pom
2024-10-01 15:55:19,174 [ModalContext] INFO  o.e.m.c.i.e.AbstractTransferListenerAdapter - Downloading https://repo.maven.apache.org/maven2/org/apache/maven/archetypes/maven-archetype-bundles/1.5/maven-archetype-bundles-1.5.pom
2024-10-01 15:55:19,192 [ModalContext] INFO  o.e.m.c.i.e.AbstractTransferListenerAdapter - Downloaded https://repo.maven.apache.org/maven2/org/apache/maven/archetypes/maven-archetype-bundles/1.5/maven-archetype-bundles-1.5.pom
2024-10-01 15:55:19,271 [ModalContext] INFO  o.e.m.c.i.e.AbstractTransferListenerAdapter - Downloading https://repo.maven.apache.org/maven2/org/apache/maven/archetypes/maven-archetype-quickstart/1.5/maven-archetype-quickstart-1.5.jar
2024-10-01 15:55:19,369 [ModalContext] INFO  o.e.m.c.i.e.AbstractTransferListenerAdapter - Downloaded https://repo.maven.apache.org/maven2/org/apache/maven/archetypes/maven-archetype-quickstart/1.5/maven-archetype-quickstart-1.5.jar
2024-10-01 15:55:32,498 [Worker-19: Launching mavenrun-1b109dfa-2b13-4333-9662-6c49d0b02773] INFO  o.eclipse.m2e.core.internal.Bundles - getClasspathEntries(Bundle=org.eclipse.m2e.maven.runtime_3.9.700.20240602-2313 [299])
2024-10-01 15:55:32,499 [Worker-19: Launching mavenrun-1b109dfa-2b13-4333-9662-6c49d0b02773] INFO  o.eclipse.m2e.core.internal.Bundles - 	Entry: C:\Users\sanja\.p2\pool\plugins\org.eclipse.m2e.maven.runtime_3.9.700.20240602-2313
2024-10-01 15:55:32,499 [Worker-19: Launching mavenrun-1b109dfa-2b13-4333-9662-6c49d0b02773] INFO  o.eclipse.m2e.core.internal.Bundles - 	Entry: C:\Users\sanja\.p2\pool\plugins\org.eclipse.m2e.maven.runtime_3.9.700.20240602-2313\jars\aopalliance-1.0.jar
2024-10-01 15:55:32,501 [Worker-19: Launching mavenrun-1b109dfa-2b13-4333-9662-6c49d0b02773] INFO  o.eclipse.m2e.core.internal.Bundles - 	Entry: C:\Users\sanja\.p2\pool\plugins\org.eclipse.m2e.maven.runtime_3.9.700.20240602-2313\jars\guice-5.1.0.jar
2024-10-01 15:55:32,501 [Worker-19: Launching mavenrun-1b109dfa-2b13-4333-9662-6c49d0b02773] INFO  o.eclipse.m2e.core.internal.Bundles - 	Entry: C:\Users\sanja\.p2\pool\plugins\org.eclipse.m2e.maven.runtime_3.9.700.20240602-2313\jars\httpclient-4.5.14.jar
2024-10-01 15:55:32,501 [Worker-19: Launching mavenrun-1b109dfa-2b13-4333-9662-6c49d0b02773] INFO  o.eclipse.m2e.core.internal.Bundles - 	Entry: C:\Users\sanja\.p2\pool\plugins\org.eclipse.m2e.maven.runtime_3.9.700.20240602-2313\jars\httpcore-4.4.16.jar
2024-10-01 15:55:32,501 [Worker-19: Launching mavenrun-1b109dfa-2b13-4333-9662-6c49d0b02773] INFO  o.eclipse.m2e.core.internal.Bundles - 	Entry: C:\Users\sanja\.p2\pool\plugins\org.eclipse.m2e.maven.runtime_3.9.700.20240602-2313\jars\jansi-2.4.1.jar
2024-10-01 15:55:32,501 [Worker-19: Launching mavenrun-1b109dfa-2b13-4333-9662-6c49d0b02773] INFO  o.eclipse.m2e.core.internal.Bundles - 	Entry: C:\Users\sanja\.p2\pool\plugins\org.eclipse.m2e.maven.runtime_3.9.700.20240602-2313\jars\jcl-over-slf4j-1.7.36.jar
2024-10-01 15:55:32,501 [Worker-19: Launching mavenrun-1b109dfa-2b13-4333-9662-6c49d0b02773] INFO  o.eclipse.m2e.core.internal.Bundles - 	Entry: C:\Users\sanja\.p2\pool\plugins\org.eclipse.m2e.maven.runtime_3.9.700.20240602-2313\jars\maven-artifact-3.9.7.jar
2024-10-01 15:55:32,501 [Worker-19: Launching mavenrun-1b109dfa-2b13-4333-9662-6c49d0b02773] INFO  o.eclipse.m2e.core.internal.Bundles - 	Entry: C:\Users\sanja\.p2\pool\plugins\org.eclipse.m2e.maven.runtime_3.9.700.20240602-2313\jars\maven-builder-support-3.9.7.jar
2024-10-01 15:55:32,501 [Worker-19: Launching mavenrun-1b109dfa-2b13-4333-9662-6c49d0b02773] INFO  o.eclipse.m2e.core.internal.Bundles - 	Entry: C:\Users\sanja\.p2\pool\plugins\org.eclipse.m2e.maven.runtime_3.9.700.20240602-2313\jars\maven-compat-3.9.7.jar
2024-10-01 15:55:32,501 [Worker-19: Launching mavenrun-1b109dfa-2b13-4333-9662-6c49d0b02773] INFO  o.eclipse.m2e.core.internal.Bundles - 	Entry: C:\Users\sanja\.p2\pool\plugins\org.eclipse.m2e.maven.runtime_3.9.700.20240602-2313\jars\maven-core-3.9.7.jar
2024-10-01 15:55:32,501 [Worker-19: Launching mavenrun-1b109dfa-2b13-4333-9662-6c49d0b02773] INFO  o.eclipse.m2e.core.internal.Bundles - 	Entry: C:\Users\sanja\.p2\pool\plugins\org.eclipse.m2e.maven.runtime_3.9.700.20240602-2313\jars\maven-embedder-3.9.7.jar
2024-10-01 15:55:32,501 [Worker-19: Launching mavenrun-1b109dfa-2b13-4333-9662-6c49d0b02773] INFO  o.eclipse.m2e.core.internal.Bundles - 	Entry: C:\Users\sanja\.p2\pool\plugins\org.eclipse.m2e.maven.runtime_3.9.700.20240602-2313\jars\maven-model-3.9.7.jar
2024-10-01 15:55:32,501 [Worker-19: Launching mavenrun-1b109dfa-2b13-4333-9662-6c49d0b02773] INFO  o.eclipse.m2e.core.internal.Bundles - 	Entry: C:\Users\sanja\.p2\pool\plugins\org.eclipse.m2e.maven.runtime_3.9.700.20240602-2313\jars\maven-model-builder-3.9.7.jar
2024-10-01 15:55:32,502 [Worker-19: Launching mavenrun-1b109dfa-2b13-4333-9662-6c49d0b02773] INFO  o.eclipse.m2e.core.internal.Bundles - 	Entry: C:\Users\sanja\.p2\pool\plugins\org.eclipse.m2e.maven.runtime_3.9.700.20240602-2313\jars\maven-plugin-api-3.9.7.jar
2024-10-01 15:55:32,502 [Worker-19: Launching mavenrun-1b109dfa-2b13-4333-9662-6c49d0b02773] INFO  o.eclipse.m2e.core.internal.Bundles - 	Entry: C:\Users\sanja\.p2\pool\plugins\org.eclipse.m2e.maven.runtime_3.9.700.20240602-2313\jars\maven-repository-metadata-3.9.7.jar
2024-10-01 15:55:32,502 [Worker-19: Launching mavenrun-1b109dfa-2b13-4333-9662-6c49d0b02773] INFO  o.eclipse.m2e.core.internal.Bundles - 	Entry: C:\Users\sanja\.p2\pool\plugins\org.eclipse.m2e.maven.runtime_3.9.700.20240602-2313\jars\maven-resolver-api-1.9.20.jar
2024-10-01 15:55:32,502 [Worker-19: Launching mavenrun-1b109dfa-2b13-4333-9662-6c49d0b02773] INFO  o.eclipse.m2e.core.internal.Bundles - 	Entry: C:\Users\sanja\.p2\pool\plugins\org.eclipse.m2e.maven.runtime_3.9.700.20240602-2313\jars\maven-resolver-connector-basic-1.9.20.jar
2024-10-01 15:55:32,502 [Worker-19: Launching mavenrun-1b109dfa-2b13-4333-9662-6c49d0b02773] INFO  o.eclipse.m2e.core.internal.Bundles - 	Entry: C:\Users\sanja\.p2\pool\plugins\org.eclipse.m2e.maven.runtime_3.9.700.20240602-2313\jars\maven-resolver-impl-1.9.20.jar
2024-10-01 15:55:32,502 [Worker-19: Launching mavenrun-1b109dfa-2b13-4333-9662-6c49d0b02773] INFO  o.eclipse.m2e.core.internal.Bundles - 	Entry: C:\Users\sanja\.p2\pool\plugins\org.eclipse.m2e.maven.runtime_3.9.700.20240602-2313\jars\maven-resolver-named-locks-1.9.20.jar
2024-10-01 15:55:32,502 [Worker-19: Launching mavenrun-1b109dfa-2b13-4333-9662-6c49d0b02773] INFO  o.eclipse.m2e.core.internal.Bundles - 	Entry: C:\Users\sanja\.p2\pool\plugins\org.eclipse.m2e.maven.runtime_3.9.700.20240602-2313\jars\maven-resolver-provider-3.9.7.jar
2024-10-01 15:55:32,502 [Worker-19: Launching mavenrun-1b109dfa-2b13-4333-9662-6c49d0b02773] INFO  o.eclipse.m2e.core.internal.Bundles - 	Entry: C:\Users\sanja\.p2\pool\plugins\org.eclipse.m2e.maven.runtime_3.9.700.20240602-2313\jars\maven-resolver-spi-1.9.20.jar
2024-10-01 15:55:32,502 [Worker-19: Launching mavenrun-1b109dfa-2b13-4333-9662-6c49d0b02773] INFO  o.eclipse.m2e.core.internal.Bundles - 	Entry: C:\Users\sanja\.p2\pool\plugins\org.eclipse.m2e.maven.runtime_3.9.700.20240602-2313\jars\maven-resolver-transport-file-1.9.20.jar
2024-10-01 15:55:32,502 [Worker-19: Launching mavenrun-1b109dfa-2b13-4333-9662-6c49d0b02773] INFO  o.eclipse.m2e.core.internal.Bundles - 	Entry: C:\Users\sanja\.p2\pool\plugins\org.eclipse.m2e.maven.runtime_3.9.700.20240602-2313\jars\maven-resolver-transport-http-1.9.20.jar
2024-10-01 15:55:32,503 [Worker-19: Launching mavenrun-1b109dfa-2b13-4333-9662-6c49d0b02773] INFO  o.eclipse.m2e.core.internal.Bundles - 	Entry: C:\Users\sanja\.p2\pool\plugins\org.eclipse.m2e.maven.runtime_3.9.700.20240602-2313\jars\maven-resolver-transport-wagon-1.9.20.jar
2024-10-01 15:55:32,503 [Worker-19: Launching mavenrun-1b109dfa-2b13-4333-9662-6c49d0b02773] INFO  o.eclipse.m2e.core.internal.Bundles - 	Entry: C:\Users\sanja\.p2\pool\plugins\org.eclipse.m2e.maven.runtime_3.9.700.20240602-2313\jars\maven-resolver-util-1.9.20.jar
2024-10-01 15:55:32,503 [Worker-19: Launching mavenrun-1b109dfa-2b13-4333-9662-6c49d0b02773] INFO  o.eclipse.m2e.core.internal.Bundles - 	Entry: C:\Users\sanja\.p2\pool\plugins\org.eclipse.m2e.maven.runtime_3.9.700.20240602-2313\jars\maven-settings-3.9.7.jar
2024-10-01 15:55:32,503 [Worker-19: Launching mavenrun-1b109dfa-2b13-4333-9662-6c49d0b02773] INFO  o.eclipse.m2e.core.internal.Bundles - 	Entry: C:\Users\sanja\.p2\pool\plugins\org.eclipse.m2e.maven.runtime_3.9.700.20240602-2313\jars\maven-settings-builder-3.9.7.jar
2024-10-01 15:55:32,503 [Worker-19: Launching mavenrun-1b109dfa-2b13-4333-9662-6c49d0b02773] INFO  o.eclipse.m2e.core.internal.Bundles - 	Entry: C:\Users\sanja\.p2\pool\plugins\org.eclipse.m2e.maven.runtime_3.9.700.20240602-2313\jars\maven-shared-utils-3.4.2.jar
2024-10-01 15:55:32,503 [Worker-19: Launching mavenrun-1b109dfa-2b13-4333-9662-6c49d0b02773] INFO  o.eclipse.m2e.core.internal.Bundles - 	Entry: C:\Users\sanja\.p2\pool\plugins\org.eclipse.m2e.maven.runtime_3.9.700.20240602-2313\jars\org.eclipse.sisu.inject-0.9.0.M2.jar
2024-10-01 15:55:32,503 [Worker-19: Launching mavenrun-1b109dfa-2b13-4333-9662-6c49d0b02773] INFO  o.eclipse.m2e.core.internal.Bundles - 	Entry: C:\Users\sanja\.p2\pool\plugins\org.eclipse.m2e.maven.runtime_3.9.700.20240602-2313\jars\org.eclipse.sisu.plexus-0.9.0.M2.jar
2024-10-01 15:55:32,503 [Worker-19: Launching mavenrun-1b109dfa-2b13-4333-9662-6c49d0b02773] INFO  o.eclipse.m2e.core.internal.Bundles - 	Entry: C:\Users\sanja\.p2\pool\plugins\org.eclipse.m2e.maven.runtime_3.9.700.20240602-2313\jars\plexus-build-api-0.0.7.jar
2024-10-01 15:55:32,503 [Worker-19: Launching mavenrun-1b109dfa-2b13-4333-9662-6c49d0b02773] INFO  o.eclipse.m2e.core.internal.Bundles - 	Entry: C:\Users\sanja\.p2\pool\plugins\org.eclipse.m2e.maven.runtime_3.9.700.20240602-2313\jars\plexus-build-api-1.2.0.jar
2024-10-01 15:55:32,503 [Worker-19: Launching mavenrun-1b109dfa-2b13-4333-9662-6c49d0b02773] INFO  o.eclipse.m2e.core.internal.Bundles - 	Entry: C:\Users\sanja\.p2\pool\plugins\org.eclipse.m2e.maven.runtime_3.9.700.20240602-2313\jars\plexus-cipher-2.0.jar
2024-10-01 15:55:32,503 [Worker-19: Launching mavenrun-1b109dfa-2b13-4333-9662-6c49d0b02773] INFO  o.eclipse.m2e.core.internal.Bundles - 	Entry: C:\Users\sanja\.p2\pool\plugins\org.eclipse.m2e.maven.runtime_3.9.700.20240602-2313\jars\plexus-classworlds-2.8.0.jar
2024-10-01 15:55:32,503 [Worker-19: Launching mavenrun-1b109dfa-2b13-4333-9662-6c49d0b02773] INFO  o.eclipse.m2e.core.internal.Bundles - 	Entry: C:\Users\sanja\.p2\pool\plugins\org.eclipse.m2e.maven.runtime_3.9.700.20240602-2313\jars\plexus-component-annotations-2.1.0.jar
2024-10-01 15:55:32,503 [Worker-19: Launching mavenrun-1b109dfa-2b13-4333-9662-6c49d0b02773] INFO  o.eclipse.m2e.core.internal.Bundles - 	Entry: C:\Users\sanja\.p2\pool\plugins\org.eclipse.m2e.maven.runtime_3.9.700.20240602-2313\jars\plexus-interpolation-1.27.jar
2024-10-01 15:55:32,503 [Worker-19: Launching mavenrun-1b109dfa-2b13-4333-9662-6c49d0b02773] INFO  o.eclipse.m2e.core.internal.Bundles - 	Entry: C:\Users\sanja\.p2\pool\plugins\org.eclipse.m2e.maven.runtime_3.9.700.20240602-2313\jars\plexus-sec-dispatcher-2.0.jar
2024-10-01 15:55:32,503 [Worker-19: Launching mavenrun-1b109dfa-2b13-4333-9662-6c49d0b02773] INFO  o.eclipse.m2e.core.internal.Bundles - 	Entry: C:\Users\sanja\.p2\pool\plugins\org.eclipse.m2e.maven.runtime_3.9.700.20240602-2313\jars\plexus-utils-3.5.1.jar
2024-10-01 15:55:32,503 [Worker-19: Launching mavenrun-1b109dfa-2b13-4333-9662-6c49d0b02773] INFO  o.eclipse.m2e.core.internal.Bundles - 	Entry: C:\Users\sanja\.p2\pool\plugins\org.eclipse.m2e.maven.runtime_3.9.700.20240602-2313\jars\wagon-file-3.5.3.jar
2024-10-01 15:55:32,503 [Worker-19: Launching mavenrun-1b109dfa-2b13-4333-9662-6c49d0b02773] INFO  o.eclipse.m2e.core.internal.Bundles - 	Entry: C:\Users\sanja\.p2\pool\plugins\org.eclipse.m2e.maven.runtime_3.9.700.20240602-2313\jars\wagon-http-3.5.3.jar
2024-10-01 15:55:32,504 [Worker-19: Launching mavenrun-1b109dfa-2b13-4333-9662-6c49d0b02773] INFO  o.eclipse.m2e.core.internal.Bundles - 	Entry: C:\Users\sanja\.p2\pool\plugins\org.eclipse.m2e.maven.runtime_3.9.700.20240602-2313\jars\wagon-http-shared-3.5.3.jar
2024-10-01 15:55:32,504 [Worker-19: Launching mavenrun-1b109dfa-2b13-4333-9662-6c49d0b02773] INFO  o.eclipse.m2e.core.internal.Bundles - 	Entry: C:\Users\sanja\.p2\pool\plugins\org.eclipse.m2e.maven.runtime_3.9.700.20240602-2313\jars\wagon-provider-api-3.5.3.jar
2024-10-01 15:55:32,506 [Worker-19: Launching mavenrun-1b109dfa-2b13-4333-9662-6c49d0b02773] INFO  o.eclipse.m2e.core.internal.Bundles - getClasspathEntries(Bundle=com.google.guava_33.2.0.jre [10])
2024-10-01 15:55:32,506 [Worker-19: Launching mavenrun-1b109dfa-2b13-4333-9662-6c49d0b02773] INFO  o.eclipse.m2e.core.internal.Bundles - 	Entry: C:\Users\sanja\.p2\pool\plugins\com.google.guava_33.2.0.jre.jar
2024-10-01 15:55:32,506 [Worker-19: Launching mavenrun-1b109dfa-2b13-4333-9662-6c49d0b02773] INFO  o.eclipse.m2e.core.internal.Bundles - getClasspathEntries(Bundle=slf4j.api_2.0.16 [520])
2024-10-01 15:55:32,506 [Worker-19: Launching mavenrun-1b109dfa-2b13-4333-9662-6c49d0b02773] INFO  o.eclipse.m2e.core.internal.Bundles - 	Entry: C:\Users\sanja\.p2\pool\plugins\slf4j.api_2.0.16.jar
2024-10-01 15:55:32,506 [Worker-19: Launching mavenrun-1b109dfa-2b13-4333-9662-6c49d0b02773] INFO  o.eclipse.m2e.core.internal.Bundles - getClasspathEntries(Bundle=jakarta.inject.jakarta.inject-api_1.0.5 [21])
2024-10-01 15:55:32,506 [Worker-19: Launching mavenrun-1b109dfa-2b13-4333-9662-6c49d0b02773] INFO  o.eclipse.m2e.core.internal.Bundles - 	Entry: C:\Users\sanja\.p2\pool\plugins\jakarta.inject.jakarta.inject-api_1.0.5.jar
2024-10-01 15:55:32,506 [Worker-19: Launching mavenrun-1b109dfa-2b13-4333-9662-6c49d0b02773] INFO  o.eclipse.m2e.core.internal.Bundles - getClasspathEntries(Bundle=javax.annotation_1.3.5.v20200909-1856 [24])
2024-10-01 15:55:32,506 [Worker-19: Launching mavenrun-1b109dfa-2b13-4333-9662-6c49d0b02773] INFO  o.eclipse.m2e.core.internal.Bundles - 	Entry: C:\Users\sanja\.p2\pool\plugins\javax.annotation_1.3.5.v20200909-1856.jar
2024-10-01 15:55:32,506 [Worker-19: Launching mavenrun-1b109dfa-2b13-4333-9662-6c49d0b02773] INFO  o.eclipse.m2e.core.internal.Bundles - getClasspathEntries(Bundle=org.apache.commons.cli_1.8.0 [47])
2024-10-01 15:55:32,507 [Worker-19: Launching mavenrun-1b109dfa-2b13-4333-9662-6c49d0b02773] INFO  o.eclipse.m2e.core.internal.Bundles - 	Entry: C:\Users\sanja\.p2\pool\plugins\org.apache.commons.cli_1.8.0.jar
2024-10-01 15:55:32,507 [Worker-19: Launching mavenrun-1b109dfa-2b13-4333-9662-6c49d0b02773] INFO  o.eclipse.m2e.core.internal.Bundles - getClasspathEntries(Bundle=org.apache.commons.commons-codec_1.16.0 [48])
2024-10-01 15:55:32,507 [Worker-19: Launching mavenrun-1b109dfa-2b13-4333-9662-6c49d0b02773] INFO  o.eclipse.m2e.core.internal.Bundles - 	Entry: C:\Users\sanja\.p2\pool\plugins\org.apache.commons.commons-codec_1.16.0.jar
2024-10-01 15:55:32,507 [Worker-19: Launching mavenrun-1b109dfa-2b13-4333-9662-6c49d0b02773] INFO  o.eclipse.m2e.core.internal.Bundles - getClasspathEntries(Bundle=org.apache.commons.lang3_3.14.0 [54])
2024-10-01 15:55:32,507 [Worker-19: Launching mavenrun-1b109dfa-2b13-4333-9662-6c49d0b02773] INFO  o.eclipse.m2e.core.internal.Bundles - 	Entry: C:\Users\sanja\.p2\pool\plugins\org.apache.commons.lang3_3.14.0.jar
2024-10-01 15:55:32,507 [Worker-19: Launching mavenrun-1b109dfa-2b13-4333-9662-6c49d0b02773] INFO  o.eclipse.m2e.core.internal.Bundles - getClasspathEntries(Bundle=com.google.guava.failureaccess_1.0.2 [11])
2024-10-01 15:55:32,507 [Worker-19: Launching mavenrun-1b109dfa-2b13-4333-9662-6c49d0b02773] INFO  o.eclipse.m2e.core.internal.Bundles - 	Entry: C:\Users\sanja\.p2\pool\plugins\com.google.guava.failureaccess_1.0.2.jar
2024-10-01 15:55:32,513 [Worker-19: Launching mavenrun-1b109dfa-2b13-4333-9662-6c49d0b02773] INFO  o.e.m.i.launch.MavenLaunchDelegate - Run build in "C:\Users\sanja\AppData\Local\Temp\m2e-archetypeGenerator14806832303671653196":
2024-10-01 15:55:32,517 [Worker-19: Launching mavenrun-1b109dfa-2b13-4333-9662-6c49d0b02773] INFO  o.e.m.i.launch.MavenLaunchDelegate -  mvn  -DjavaCompilerVersion=17 -DjunitVersion=5.11.0 -DarchetypeGroupId=org.apache.maven.archetypes -DarchetypeArtifactId=maven-archetype-quickstart -DarchetypeVersion=1.5 -DgroupId=com.weather -DartifactId=app -Dversion=0.0.1-SNAPSHOT -Dpackage=com.weather.app -DoutputDirectory="D:\java\Distriuted systems\asignment" -Dstyle.color=always -U archetype:generate
2024-10-01 15:55:44,808 [Worker-0: Creating maven-archetype-quickstart] INFO  o.e.m.c.i.p.ProjectConfigurationManager - Collecting project info '/pom.xml' D:\java\Distriuted systems\asignment\app\pom.xml
2024-10-01 15:55:45,166 [Worker-0: Creating maven-archetype-quickstart] INFO  o.e.m.c.i.e.AbstractTransferListenerAdapter - Downloading https://repo.maven.apache.org/maven2/org/apache/maven/plugins/maven-clean-plugin/3.4.0/maven-clean-plugin-3.4.0.jar
2024-10-01 15:55:45,364 [Worker-0: Creating maven-archetype-quickstart] INFO  o.e.m.c.i.e.AbstractTransferListenerAdapter - Downloaded https://repo.maven.apache.org/maven2/org/apache/maven/plugins/maven-clean-plugin/3.4.0/maven-clean-plugin-3.4.0.jar
2024-10-01 15:55:45,610 [Worker-0: Creating maven-archetype-quickstart] INFO  o.e.m.c.i.e.AbstractTransferListenerAdapter - Downloading https://repo.maven.apache.org/maven2/org/apache/maven/plugins/maven-surefire-plugin/3.3.0/maven-surefire-plugin-3.3.0.jar
2024-10-01 15:55:45,748 [Worker-0: Creating maven-archetype-quickstart] INFO  o.e.m.c.i.e.AbstractTransferListenerAdapter - Downloaded https://repo.maven.apache.org/maven2/org/apache/maven/plugins/maven-surefire-plugin/3.3.0/maven-surefire-plugin-3.3.0.jar
2024-10-01 15:55:45,916 [Worker-0: Creating maven-archetype-quickstart] INFO  o.e.m.c.i.e.AbstractTransferListenerAdapter - Downloading https://repo.maven.apache.org/maven2/org/apache/maven/plugins/maven-jar-plugin/3.4.2/maven-jar-plugin-3.4.2.jar
2024-10-01 15:55:46,086 [Worker-0: Creating maven-archetype-quickstart] INFO  o.e.m.c.i.e.AbstractTransferListenerAdapter - Downloaded https://repo.maven.apache.org/maven2/org/apache/maven/plugins/maven-jar-plugin/3.4.2/maven-jar-plugin-3.4.2.jar
2024-10-01 15:55:46,206 [Worker-0: Creating maven-archetype-quickstart] INFO  o.e.m.c.i.e.AbstractTransferListenerAdapter - Downloading https://repo.maven.apache.org/maven2/org/apache/maven/plugins/maven-install-plugin/3.1.2/maven-install-plugin-3.1.2.jar
2024-10-01 15:55:46,338 [Worker-0: Creating maven-archetype-quickstart] INFO  o.e.m.c.i.e.AbstractTransferListenerAdapter - Downloaded https://repo.maven.apache.org/maven2/org/apache/maven/plugins/maven-install-plugin/3.1.2/maven-install-plugin-3.1.2.jar
2024-10-01 15:55:46,430 [Worker-0: Creating maven-archetype-quickstart] INFO  o.e.m.c.i.e.AbstractTransferListenerAdapter - Downloading https://repo.maven.apache.org/maven2/org/apache/maven/plugins/maven-deploy-plugin/3.1.2/maven-deploy-plugin-3.1.2.jar
2024-10-01 15:55:46,591 [Worker-0: Creating maven-archetype-quickstart] INFO  o.e.m.c.i.e.AbstractTransferListenerAdapter - Downloaded https://repo.maven.apache.org/maven2/org/apache/maven/plugins/maven-deploy-plugin/3.1.2/maven-deploy-plugin-3.1.2.jar
2024-10-01 15:55:47,439 [Worker-0: Creating maven-archetype-quickstart] INFO  o.e.m.c.i.l.LifecycleMappingFactory - Using org.eclipse.m2e.jdt.JarLifecycleMapping lifecycle mapping for MavenProject: com.weather:app:0.0.1-SNAPSHOT @ D:\java\Distriuted systems\asignment\app\pom.xml.
2024-10-01 15:55:47,458 [Worker-0: Creating maven-archetype-quickstart] INFO  o.e.m.c.i.e.AbstractTransferListenerAdapter - Downloading https://repo.maven.apache.org/maven2/org/junit/jupiter/junit-jupiter-api/5.11.0/junit-jupiter-api-5.11.0.pom
2024-10-01 15:55:47,473 [Worker-0: Creating maven-archetype-quickstart] INFO  o.e.m.c.i.e.AbstractTransferListenerAdapter - Downloaded https://repo.maven.apache.org/maven2/org/junit/jupiter/junit-jupiter-api/5.11.0/junit-jupiter-api-5.11.0.pom
2024-10-01 15:55:47,493 [Worker-0: Creating maven-archetype-quickstart] INFO  o.e.m.c.i.e.AbstractTransferListenerAdapter - Downloading https://repo.maven.apache.org/maven2/org/opentest4j/opentest4j/1.3.0/opentest4j-1.3.0.pom
2024-10-01 15:55:47,510 [Worker-0: Creating maven-archetype-quickstart] INFO  o.e.m.c.i.e.AbstractTransferListenerAdapter - Downloaded https://repo.maven.apache.org/maven2/org/opentest4j/opentest4j/1.3.0/opentest4j-1.3.0.pom
2024-10-01 15:55:47,534 [Worker-0: Creating maven-archetype-quickstart] INFO  o.e.m.c.i.e.AbstractTransferListenerAdapter - Downloading https://repo.maven.apache.org/maven2/org/junit/platform/junit-platform-commons/1.11.0/junit-platform-commons-1.11.0.pom
2024-10-01 15:55:47,550 [Worker-0: Creating maven-archetype-quickstart] INFO  o.e.m.c.i.e.AbstractTransferListenerAdapter - Downloaded https://repo.maven.apache.org/maven2/org/junit/platform/junit-platform-commons/1.11.0/junit-platform-commons-1.11.0.pom
2024-10-01 15:55:47,587 [Worker-0: Creating maven-archetype-quickstart] INFO  o.e.m.c.i.e.AbstractTransferListenerAdapter - Downloading https://repo.maven.apache.org/maven2/org/junit/jupiter/junit-jupiter-params/5.11.0/junit-jupiter-params-5.11.0.pom
2024-10-01 15:55:47,607 [Worker-0: Creating maven-archetype-quickstart] INFO  o.e.m.c.i.e.AbstractTransferListenerAdapter - Downloaded https://repo.maven.apache.org/maven2/org/junit/jupiter/junit-jupiter-params/5.11.0/junit-jupiter-params-5.11.0.pom
2024-10-01 15:55:47,640 [Worker-0: Creating maven-archetype-quickstart] INFO  o.e.m.c.i.e.AbstractTransferListenerAdapter - Downloading https://repo.maven.apache.org/maven2/org/junit/jupiter/junit-jupiter-api/5.11.0/junit-jupiter-api-5.11.0.jar
2024-10-01 15:55:47,763 [Worker-0: Creating maven-archetype-quickstart] INFO  o.e.m.c.i.e.AbstractTransferListenerAdapter - Downloaded https://repo.maven.apache.org/maven2/org/junit/jupiter/junit-jupiter-api/5.11.0/junit-jupiter-api-5.11.0.jar
2024-10-01 15:55:47,781 [BasicRepositoryConnector-repo.maven.apache.org-0-1] INFO  o.e.m.c.i.e.AbstractTransferListenerAdapter - Downloading https://repo.maven.apache.org/maven2/org/junit/platform/junit-platform-commons/1.11.0/junit-platform-commons-1.11.0.jar
2024-10-01 15:55:47,839 [BasicRepositoryConnector-repo.maven.apache.org-0-0] INFO  o.e.m.c.i.e.AbstractTransferListenerAdapter - Downloading https://repo.maven.apache.org/maven2/org/opentest4j/opentest4j/1.3.0/opentest4j-1.3.0.jar
2024-10-01 15:55:47,839 [BasicRepositoryConnector-repo.maven.apache.org-0-2] INFO  o.e.m.c.i.e.AbstractTransferListenerAdapter - Downloading https://repo.maven.apache.org/maven2/org/junit/jupiter/junit-jupiter-params/5.11.0/junit-jupiter-params-5.11.0.jar
2024-10-01 15:55:47,842 [BasicRepositoryConnector-repo.maven.apache.org-0-1] INFO  o.e.m.c.i.e.AbstractTransferListenerAdapter - Downloaded https://repo.maven.apache.org/maven2/org/junit/platform/junit-platform-commons/1.11.0/junit-platform-commons-1.11.0.jar
2024-10-01 15:55:47,966 [BasicRepositoryConnector-repo.maven.apache.org-0-0] INFO  o.e.m.c.i.e.AbstractTransferListenerAdapter - Downloaded https://repo.maven.apache.org/maven2/org/opentest4j/opentest4j/1.3.0/opentest4j-1.3.0.jar
2024-10-01 15:55:47,986 [BasicRepositoryConnector-repo.maven.apache.org-0-2] INFO  o.e.m.c.i.e.AbstractTransferListenerAdapter - Downloaded https://repo.maven.apache.org/maven2/org/junit/jupiter/junit-jupiter-params/5.11.0/junit-jupiter-params-5.11.0.jar
2024-10-01 15:55:48,037 [Worker-0: Creating maven-archetype-quickstart] INFO  o.e.m.c.i.e.AbstractTransferListenerAdapter - Downloading https://repo.maven.apache.org/maven2/org/apache/maven/plugins/maven-surefire-plugin/3.3.0/maven-surefire-plugin-3.3.0.pom
2024-10-01 15:55:48,050 [Worker-0: Creating maven-archetype-quickstart] INFO  o.e.m.c.i.e.AbstractTransferListenerAdapter - Downloaded https://repo.maven.apache.org/maven2/org/apache/maven/plugins/maven-surefire-plugin/3.3.0/maven-surefire-plugin-3.3.0.pom
2024-10-01 15:55:48,073 [Worker-0: Creating maven-archetype-quickstart] INFO  o.e.m.c.i.e.AbstractTransferListenerAdapter - Downloading https://repo.maven.apache.org/maven2/org/apache/maven/surefire/surefire/3.3.0/surefire-3.3.0.pom
2024-10-01 15:55:48,092 [Worker-0: Creating maven-archetype-quickstart] INFO  o.e.m.c.i.e.AbstractTransferListenerAdapter - Downloaded https://repo.maven.apache.org/maven2/org/apache/maven/surefire/surefire/3.3.0/surefire-3.3.0.pom
2024-10-01 15:55:48,131 [Worker-0: Creating maven-archetype-quickstart] INFO  o.e.m.c.i.e.AbstractTransferListenerAdapter - Downloading https://repo.maven.apache.org/maven2/org/apache/maven/plugins/maven-jar-plugin/3.4.2/maven-jar-plugin-3.4.2.pom
2024-10-01 15:55:48,151 [Worker-0: Creating maven-archetype-quickstart] INFO  o.e.m.c.i.e.AbstractTransferListenerAdapter - Downloaded https://repo.maven.apache.org/maven2/org/apache/maven/plugins/maven-jar-plugin/3.4.2/maven-jar-plugin-3.4.2.pom
2024-10-01 15:55:48,822 [Worker-0: Creating maven-archetype-quickstart] INFO  o.e.m.j.i.AbstractJavaProjectConfigurator - Adding source folder /app/src/main/java
2024-10-01 15:55:48,823 [Worker-0: Creating maven-archetype-quickstart] INFO  o.e.m.j.i.AbstractJavaProjectConfigurator - Adding resource folder /app/src/main/resources
2024-10-01 15:55:48,829 [Worker-0: Creating maven-archetype-quickstart] INFO  o.e.m.j.i.AbstractJavaProjectConfigurator - Adding source folder /app/src/test/java
2024-10-01 15:55:48,830 [Worker-0: Creating maven-archetype-quickstart] INFO  o.e.m.j.i.AbstractJavaProjectConfigurator - Adding resource folder /app/src/test/resources
2024-10-01 15:55:49,152 [Worker-0: Creating maven-archetype-quickstart] INFO  o.e.m.c.i.p.ProjectConfigurationManager - Imported and configured 1 project(s) in 4 sec
2024-10-01 15:55:49,635 [Worker-11: Download sources and javadoc] INFO  o.e.m.c.i.e.AbstractTransferListenerAdapter - Downloading https://repo.maven.apache.org/maven2/org/junit/jupiter/junit-jupiter-api/5.11.0/junit-jupiter-api-5.11.0-sources.jar
2024-10-01 15:55:49,716 [Worker-11: Download sources and javadoc] INFO  o.e.m.c.i.e.AbstractTransferListenerAdapter - Downloaded https://repo.maven.apache.org/maven2/org/junit/jupiter/junit-jupiter-api/5.11.0/junit-jupiter-api-5.11.0-sources.jar
2024-10-01 15:55:49,722 [Worker-11: Download sources and javadoc] INFO  o.e.m.j.internal.DownloadSourcesJob - Downloaded sources for org.junit.jupiter:junit-jupiter-api:5.11.0
2024-10-01 15:55:49,779 [Worker-11: Download sources and javadoc] INFO  o.e.m.c.i.e.AbstractTransferListenerAdapter - Downloading https://repo.maven.apache.org/maven2/org/opentest4j/opentest4j/1.3.0/opentest4j-1.3.0-sources.jar
2024-10-01 15:55:49,915 [Worker-19: Building] INFO  o.a.m.s.f.DefaultMavenResourcesFiltering - skip non existing resourceDirectory D:\java\Distriuted systems\asignment\app\src\main\resources
2024-10-01 15:55:49,920 [Worker-19: Building] INFO  o.a.m.s.f.DefaultMavenResourcesFiltering - skip non existing resourceDirectory D:\java\Distriuted systems\asignment\app\src\test\resources
2024-10-01 15:55:49,982 [Worker-11: Download sources and javadoc] INFO  o.e.m.c.i.e.AbstractTransferListenerAdapter - Downloaded https://repo.maven.apache.org/maven2/org/opentest4j/opentest4j/1.3.0/opentest4j-1.3.0-sources.jar
2024-10-01 15:55:49,985 [Worker-11: Download sources and javadoc] INFO  o.e.m.j.internal.DownloadSourcesJob - Downloaded sources for org.opentest4j:opentest4j:1.3.0
2024-10-01 15:55:50,065 [Worker-11: Download sources and javadoc] INFO  o.e.m.c.i.e.AbstractTransferListenerAdapter - Downloading https://repo.maven.apache.org/maven2/org/junit/platform/junit-platform-commons/1.11.0/junit-platform-commons-1.11.0-sources.jar
2024-10-01 15:55:50,116 [Worker-11: Download sources and javadoc] INFO  o.e.m.c.i.e.AbstractTransferListenerAdapter - Downloaded https://repo.maven.apache.org/maven2/org/junit/platform/junit-platform-commons/1.11.0/junit-platform-commons-1.11.0-sources.jar
2024-10-01 15:55:50,119 [Worker-11: Download sources and javadoc] INFO  o.e.m.j.internal.DownloadSourcesJob - Downloaded sources for org.junit.platform:junit-platform-commons:1.11.0
2024-10-01 15:55:50,196 [Worker-11: Download sources and javadoc] INFO  o.e.m.c.i.e.AbstractTransferListenerAdapter - Downloading https://repo.maven.apache.org/maven2/org/apiguardian/apiguardian-api/1.1.2/apiguardian-api-1.1.2-sources.jar
2024-10-01 15:55:50,290 [Worker-11: Download sources and javadoc] INFO  o.e.m.c.i.e.AbstractTransferListenerAdapter - Downloaded https://repo.maven.apache.org/maven2/org/apiguardian/apiguardian-api/1.1.2/apiguardian-api-1.1.2-sources.jar
2024-10-01 15:55:50,294 [Worker-11: Download sources and javadoc] INFO  o.e.m.j.internal.DownloadSourcesJob - Downloaded sources for org.apiguardian:apiguardian-api:1.1.2
2024-10-01 15:55:50,380 [Worker-11: Download sources and javadoc] INFO  o.e.m.c.i.e.AbstractTransferListenerAdapter - Downloading https://repo.maven.apache.org/maven2/org/junit/jupiter/junit-jupiter-params/5.11.0/junit-jupiter-params-5.11.0-sources.jar
2024-10-01 15:55:50,438 [Worker-11: Download sources and javadoc] INFO  o.e.m.c.i.e.AbstractTransferListenerAdapter - Downloaded https://repo.maven.apache.org/maven2/org/junit/jupiter/junit-jupiter-params/5.11.0/junit-jupiter-params-5.11.0-sources.jar
2024-10-01 15:55:50,442 [Worker-11: Download sources and javadoc] INFO  o.e.m.j.internal.DownloadSourcesJob - Downloaded sources for org.junit.jupiter:junit-jupiter-params:5.11.0
2024-10-01 15:57:36,099 [Worker-11: Building] INFO  o.a.m.s.f.DefaultMavenResourcesFiltering - skip non existing resourceDirectory D:\java\Distriuted systems\asignment\app\src\main\resources
2024-10-01 15:57:36,103 [Worker-11: Building] INFO  o.a.m.s.f.DefaultMavenResourcesFiltering - skip non existing resourceDirectory D:\java\Distriuted systems\asignment\app\src\test\resources
2024-10-01 15:59:04,897 [Worker-0: Building] INFO  o.a.m.s.f.DefaultMavenResourcesFiltering - skip non existing resourceDirectory D:\java\Distriuted systems\asignment\app\src\main\resources
2024-10-01 15:59:04,899 [Worker-0: Building] INFO  o.a.m.s.f.DefaultMavenResourcesFiltering - skip non existing resourceDirectory D:\java\Distriuted systems\asignment\app\src\test\resources
2024-10-01 15:59:35,984 [Worker-11: Building] INFO  o.a.m.s.f.DefaultMavenResourcesFiltering - skip non existing resourceDirectory D:\java\Distriuted systems\asignment\app\src\main\resources
2024-10-01 15:59:35,987 [Worker-11: Building] INFO  o.a.m.s.f.DefaultMavenResourcesFiltering - skip non existing resourceDirectory D:\java\Distriuted systems\asignment\app\src\test\resources
2024-10-01 16:00:15,932 [Worker-11: Building] INFO  o.a.m.s.f.DefaultMavenResourcesFiltering - skip non existing resourceDirectory D:\java\Distriuted systems\asignment\app\src\main\resources
2024-10-01 16:00:15,936 [Worker-11: Building] INFO  o.a.m.s.f.DefaultMavenResourcesFiltering - skip non existing resourceDirectory D:\java\Distriuted systems\asignment\app\src\test\resources
2024-10-01 16:03:34,673 [Worker-11: Building] INFO  o.a.m.s.f.DefaultMavenResourcesFiltering - skip non existing resourceDirectory D:\java\Distriuted systems\asignment\app\src\main\resources
2024-10-01 16:03:34,674 [Worker-11: Building] INFO  o.a.m.s.f.DefaultMavenResourcesFiltering - skip non existing resourceDirectory D:\java\Distriuted systems\asignment\app\src\test\resources
2024-10-01 16:03:41,316 [Worker-0: Building] INFO  o.a.m.s.f.DefaultMavenResourcesFiltering - skip non existing resourceDirectory D:\java\Distriuted systems\asignment\app\src\main\resources
2024-10-01 16:03:41,318 [Worker-0: Building] INFO  o.a.m.s.f.DefaultMavenResourcesFiltering - skip non existing resourceDirectory D:\java\Distriuted systems\asignment\app\src\test\resources
2024-10-02 13:29:00,882 [Worker-49: Building] INFO  o.a.m.s.f.DefaultMavenResourcesFiltering - skip non existing resourceDirectory D:\java\Distriuted systems\asignment\app\src\main\resources
2024-10-02 13:29:00,888 [Worker-49: Building] INFO  o.a.m.s.f.DefaultMavenResourcesFiltering - skip non existing resourceDirectory D:\java\Distriuted systems\asignment\app\src\test\resources
2024-10-03 11:55:03,914 [Worker-4: Loading available Gradle versions] INFO  o.e.b.c.i.u.g.PublishedGradleVersions - Gradle version information cache is out-of-date. Trying to update.
2024-10-03 11:56:40,563 [Worker-7: Building] INFO  o.a.m.s.f.DefaultMavenResourcesFiltering - skip non existing resourceDirectory D:\java\Distriuted systems\asignment\app\src\main\resources
2024-10-03 11:56:40,567 [Worker-7: Building] INFO  o.a.m.s.f.DefaultMavenResourcesFiltering - skip non existing resourceDirectory D:\java\Distriuted systems\asignment\app\src\test\resources
2024-10-03 11:57:11,014 [Worker-3: Building] INFO  o.a.m.s.f.DefaultMavenResourcesFiltering - skip non existing resourceDirectory D:\java\Distriuted systems\asignment\app\src\main\resources
2024-10-03 11:57:11,017 [Worker-3: Building] INFO  o.a.m.s.f.DefaultMavenResourcesFiltering - skip non existing resourceDirectory D:\java\Distriuted systems\asignment\app\src\test\resources
2024-10-03 12:02:38,962 [Worker-13: Building] INFO  o.a.m.s.f.DefaultMavenResourcesFiltering - skip non existing resourceDirectory D:\java\Distriuted systems\asignment\app\src\main\resources
2024-10-03 12:02:38,965 [Worker-13: Building] INFO  o.a.m.s.f.DefaultMavenResourcesFiltering - skip non existing resourceDirectory D:\java\Distriuted systems\asignment\app\src\test\resources
2024-10-03 12:04:35,154 [Worker-8: Building] INFO  o.a.m.s.f.DefaultMavenResourcesFiltering - skip non existing resourceDirectory D:\java\Distriuted systems\asignment\app\src\main\resources
2024-10-03 12:04:35,159 [Worker-8: Building] INFO  o.a.m.s.f.DefaultMavenResourcesFiltering - skip non existing resourceDirectory D:\java\Distriuted systems\asignment\app\src\test\resources
2024-10-03 12:06:48,454 [Worker-13: Building] INFO  o.a.m.s.f.DefaultMavenResourcesFiltering - skip non existing resourceDirectory D:\java\Distriuted systems\asignment\app\src\main\resources
2024-10-03 12:06:48,457 [Worker-13: Building] INFO  o.a.m.s.f.DefaultMavenResourcesFiltering - skip non existing resourceDirectory D:\java\Distriuted systems\asignment\app\src\test\resources
2024-10-03 12:07:01,800 [Worker-8: Building] INFO  o.a.m.s.f.DefaultMavenResourcesFiltering - skip non existing resourceDirectory D:\java\Distriuted systems\asignment\app\src\main\resources
2024-10-03 12:07:01,802 [Worker-8: Building] INFO  o.a.m.s.f.DefaultMavenResourcesFiltering - skip non existing resourceDirectory D:\java\Distriuted systems\asignment\app\src\test\resources
2024-10-03 12:10:26,094 [Worker-8: Building] INFO  o.a.m.s.f.DefaultMavenResourcesFiltering - skip non existing resourceDirectory D:\java\Distriuted systems\asignment\app\src\main\resources
2024-10-03 12:10:26,096 [Worker-8: Building] INFO  o.a.m.s.f.DefaultMavenResourcesFiltering - skip non existing resourceDirectory D:\java\Distriuted systems\asignment\app\src\test\resources
2024-10-03 12:11:03,827 [Worker-22: Building] INFO  o.a.m.s.f.DefaultMavenResourcesFiltering - skip non existing resourceDirectory D:\java\Distriuted systems\asignment\app\src\main\resources
2024-10-03 12:11:03,830 [Worker-22: Building] INFO  o.a.m.s.f.DefaultMavenResourcesFiltering - skip non existing resourceDirectory D:\java\Distriuted systems\asignment\app\src\test\resources
2024-10-03 12:11:46,363 [Worker-18: Building] INFO  o.a.m.s.f.DefaultMavenResourcesFiltering - skip non existing resourceDirectory D:\java\Distriuted systems\asignment\app\src\main\resources
2024-10-03 12:11:46,365 [Worker-18: Building] INFO  o.a.m.s.f.DefaultMavenResourcesFiltering - skip non existing resourceDirectory D:\java\Distriuted systems\asignment\app\src\test\resources
2024-10-03 12:13:53,588 [Worker-22: Building] INFO  o.a.m.s.f.DefaultMavenResourcesFiltering - skip non existing resourceDirectory D:\java\Distriuted systems\asignment\app\src\main\resources
2024-10-03 12:13:53,590 [Worker-22: Building] INFO  o.a.m.s.f.DefaultMavenResourcesFiltering - skip non existing resourceDirectory D:\java\Distriuted systems\asignment\app\src\test\resources
2024-10-03 12:14:47,498 [Worker-23: Building] INFO  o.a.m.s.f.DefaultMavenResourcesFiltering - skip non existing resourceDirectory D:\java\Distriuted systems\asignment\app\src\main\resources
2024-10-03 12:14:47,500 [Worker-23: Building] INFO  o.a.m.s.f.DefaultMavenResourcesFiltering - skip non existing resourceDirectory D:\java\Distriuted systems\asignment\app\src\test\resources
2024-10-03 12:15:30,235 [Worker-18: Launching AggregationServer] INFO  o.a.m.s.f.DefaultMavenResourcesFiltering - skip non existing resourceDirectory D:\java\Distriuted systems\asignment\app\src\main\resources
2024-10-03 12:15:30,238 [Worker-18: Launching AggregationServer] INFO  o.a.m.s.f.DefaultMavenResourcesFiltering - skip non existing resourceDirectory D:\java\Distriuted systems\asignment\app\src\test\resources
2024-10-03 12:15:56,312 [Worker-8: Launching ContentServerTest] INFO  o.e.m.c.i.e.AbstractTransferListenerAdapter - Downloading https://repo.maven.apache.org/maven2/org/junit/platform/junit-platform-launcher/1.11.0/junit-platform-launcher-1.11.0.jar
2024-10-03 12:15:56,411 [Worker-8: Launching ContentServerTest] INFO  o.e.m.c.i.e.AbstractTransferListenerAdapter - Downloaded https://repo.maven.apache.org/maven2/org/junit/platform/junit-platform-launcher/1.11.0/junit-platform-launcher-1.11.0.jar
2024-10-03 12:15:56,438 [Worker-8: Launching ContentServerTest] INFO  o.e.m.c.i.e.AbstractTransferListenerAdapter - Downloading https://repo.maven.apache.org/maven2/org/junit/platform/junit-platform-engine/1.11.0/junit-platform-engine-1.11.0.jar
2024-10-03 12:15:56,516 [Worker-8: Launching ContentServerTest] INFO  o.e.m.c.i.e.AbstractTransferListenerAdapter - Downloaded https://repo.maven.apache.org/maven2/org/junit/platform/junit-platform-engine/1.11.0/junit-platform-engine-1.11.0.jar
2024-10-03 12:15:56,539 [Worker-8: Launching ContentServerTest] INFO  o.e.m.c.i.e.AbstractTransferListenerAdapter - Downloading https://repo.maven.apache.org/maven2/org/junit/jupiter/junit-jupiter-engine/5.11.0/junit-jupiter-engine-5.11.0.jar
2024-10-03 12:15:56,607 [Worker-8: Launching ContentServerTest] INFO  o.e.m.c.i.e.AbstractTransferListenerAdapter - Downloaded https://repo.maven.apache.org/maven2/org/junit/jupiter/junit-jupiter-engine/5.11.0/junit-jupiter-engine-5.11.0.jar
2024-10-03 12:16:54,639 [Worker-8: Building] INFO  o.a.m.s.f.DefaultMavenResourcesFiltering - skip non existing resourceDirectory D:\java\Distriuted systems\asignment\app\src\main\resources
2024-10-03 12:16:54,642 [Worker-8: Building] INFO  o.a.m.s.f.DefaultMavenResourcesFiltering - skip non existing resourceDirectory D:\java\Distriuted systems\asignment\app\src\test\resources
2024-10-03 12:30:20,517 [Worker-24: Building] INFO  o.a.m.s.f.DefaultMavenResourcesFiltering - skip non existing resourceDirectory D:\java\Distriuted systems\asignment\app\src\main\resources
2024-10-03 12:30:20,519 [Worker-24: Building] INFO  o.a.m.s.f.DefaultMavenResourcesFiltering - skip non existing resourceDirectory D:\java\Distriuted systems\asignment\app\src\test\resources
2024-10-03 14:25:00,527 [Worker-37: Building] INFO  o.a.m.s.f.DefaultMavenResourcesFiltering - skip non existing resourceDirectory D:\java\Distriuted systems\asignment\app\src\main\resources
2024-10-03 14:25:00,532 [Worker-37: Building] INFO  o.a.m.s.f.DefaultMavenResourcesFiltering - skip non existing resourceDirectory D:\java\Distriuted systems\asignment\app\src\test\resources
2024-10-03 14:25:09,259 [Worker-34: Building] INFO  o.a.m.s.f.DefaultMavenResourcesFiltering - skip non existing resourceDirectory D:\java\Distriuted systems\asignment\app\src\main\resources
2024-10-03 14:25:09,263 [Worker-34: Building] INFO  o.a.m.s.f.DefaultMavenResourcesFiltering - skip non existing resourceDirectory D:\java\Distriuted systems\asignment\app\src\test\resources
2024-10-03 14:25:32,349 [Worker-26: Building] INFO  o.a.m.s.f.DefaultMavenResourcesFiltering - skip non existing resourceDirectory D:\java\Distriuted systems\asignment\app\src\main\resources
2024-10-03 14:25:32,354 [Worker-26: Building] INFO  o.a.m.s.f.DefaultMavenResourcesFiltering - skip non existing resourceDirectory D:\java\Distriuted systems\asignment\app\src\test\resources
2024-10-03 14:25:44,179 [Worker-34: Building] INFO  o.a.m.s.f.DefaultMavenResourcesFiltering - skip non existing resourceDirectory D:\java\Distriuted systems\asignment\app\src\main\resources
2024-10-03 14:25:44,182 [Worker-34: Building] INFO  o.a.m.s.f.DefaultMavenResourcesFiltering - skip non existing resourceDirectory D:\java\Distriuted systems\asignment\app\src\test\resources
2024-10-03 14:41:06,125 [Worker-39: Building] INFO  o.a.m.s.f.DefaultMavenResourcesFiltering - skip non existing resourceDirectory D:\java\Distriuted systems\asignment\app\src\main\resources
2024-10-03 14:41:06,127 [Worker-39: Building] INFO  o.a.m.s.f.DefaultMavenResourcesFiltering - skip non existing resourceDirectory D:\java\Distriuted systems\asignment\app\src\test\resources
2024-10-03 14:45:23,137 [Worker-26: Building] INFO  o.a.m.s.f.DefaultMavenResourcesFiltering - skip non existing resourceDirectory D:\java\Distriuted systems\asignment\app\src\main\resources
2024-10-03 14:45:23,141 [Worker-26: Building] INFO  o.a.m.s.f.DefaultMavenResourcesFiltering - skip non existing resourceDirectory D:\java\Distriuted systems\asignment\app\src\test\resources
2024-10-03 14:45:56,935 [Worker-37: Building] INFO  o.a.m.s.f.DefaultMavenResourcesFiltering - skip non existing resourceDirectory D:\java\Distriuted systems\asignment\app\src\main\resources
2024-10-03 14:45:56,938 [Worker-37: Building] INFO  o.a.m.s.f.DefaultMavenResourcesFiltering - skip non existing resourceDirectory D:\java\Distriuted systems\asignment\app\src\test\resources
2024-10-03 14:55:18,209 [Worker-37: Building] INFO  o.a.m.s.f.DefaultMavenResourcesFiltering - skip non existing resourceDirectory D:\java\Distriuted systems\asignment\app\src\main\resources
2024-10-03 14:55:18,212 [Worker-37: Building] INFO  o.a.m.s.f.DefaultMavenResourcesFiltering - skip non existing resourceDirectory D:\java\Distriuted systems\asignment\app\src\test\resources
2024-10-03 14:55:28,415 [Worker-38: Building] INFO  o.a.m.s.f.DefaultMavenResourcesFiltering - skip non existing resourceDirectory D:\java\Distriuted systems\asignment\app\src\main\resources
2024-10-03 14:55:28,417 [Worker-38: Building] INFO  o.a.m.s.f.DefaultMavenResourcesFiltering - skip non existing resourceDirectory D:\java\Distriuted systems\asignment\app\src\test\resources
2024-10-03 14:55:43,616 [Worker-37: Building] INFO  o.a.m.s.f.DefaultMavenResourcesFiltering - skip non existing resourceDirectory D:\java\Distriuted systems\asignment\app\src\main\resources
2024-10-03 14:55:43,619 [Worker-37: Building] INFO  o.a.m.s.f.DefaultMavenResourcesFiltering - skip non existing resourceDirectory D:\java\Distriuted systems\asignment\app\src\test\resources
2024-10-03 14:55:48,898 [Worker-26: Building] INFO  o.a.m.s.f.DefaultMavenResourcesFiltering - skip non existing resourceDirectory D:\java\Distriuted systems\asignment\app\src\main\resources
2024-10-03 14:55:48,900 [Worker-26: Building] INFO  o.a.m.s.f.DefaultMavenResourcesFiltering - skip non existing resourceDirectory D:\java\Distriuted systems\asignment\app\src\test\resources
2024-10-03 14:56:20,743 [Worker-38: Building] INFO  o.a.m.s.f.DefaultMavenResourcesFiltering - skip non existing resourceDirectory D:\java\Distriuted systems\asignment\app\src\main\resources
2024-10-03 14:56:20,746 [Worker-38: Building] INFO  o.a.m.s.f.DefaultMavenResourcesFiltering - skip non existing resourceDirectory D:\java\Distriuted systems\asignment\app\src\test\resources
2024-10-03 14:56:45,975 [Worker-41: Building] INFO  o.a.m.s.f.DefaultMavenResourcesFiltering - skip non existing resourceDirectory D:\java\Distriuted systems\asignment\app\src\main\resources
2024-10-03 14:56:45,977 [Worker-41: Building] INFO  o.a.m.s.f.DefaultMavenResourcesFiltering - skip non existing resourceDirectory D:\java\Distriuted systems\asignment\app\src\test\resources
2024-10-03 14:57:16,078 [Worker-38: Building] INFO  o.a.m.s.f.DefaultMavenResourcesFiltering - skip non existing resourceDirectory D:\java\Distriuted systems\asignment\app\src\main\resources
2024-10-03 14:57:16,080 [Worker-38: Building] INFO  o.a.m.s.f.DefaultMavenResourcesFiltering - skip non existing resourceDirectory D:\java\Distriuted systems\asignment\app\src\test\resources
2024-10-03 15:24:39,937 [Worker-2: Loading available Gradle versions] INFO  o.e.b.c.i.u.g.PublishedGradleVersions - Gradle version information cache is up-to-date. Trying to read.
2024-10-03 15:24:41,423 [Worker-8: Building] INFO  o.a.m.s.f.DefaultMavenResourcesFiltering - skip non existing resourceDirectory D:\java\Distriuted systems\asignment\app\src\main\resources
2024-10-03 15:24:41,429 [Worker-8: Building] INFO  o.a.m.s.f.DefaultMavenResourcesFiltering - skip non existing resourceDirectory D:\java\Distriuted systems\asignment\app\src\test\resources
2024-10-03 15:25:25,569 [Worker-13: Building] INFO  o.a.m.s.f.DefaultMavenResourcesFiltering - skip non existing resourceDirectory D:\java\Distriuted systems\asignment\app\src\main\resources
2024-10-03 15:25:25,572 [Worker-13: Building] INFO  o.a.m.s.f.DefaultMavenResourcesFiltering - skip non existing resourceDirectory D:\java\Distriuted systems\asignment\app\src\test\resources
2024-10-03 15:26:30,088 [Worker-8: Building] INFO  o.a.m.s.f.DefaultMavenResourcesFiltering - skip non existing resourceDirectory D:\java\Distriuted systems\asignment\app\src\main\resources
2024-10-03 15:26:30,090 [Worker-8: Building] INFO  o.a.m.s.f.DefaultMavenResourcesFiltering - skip non existing resourceDirectory D:\java\Distriuted systems\asignment\app\src\test\resources
2024-10-03 15:26:58,104 [Worker-8: Building] INFO  o.a.m.s.f.DefaultMavenResourcesFiltering - skip non existing resourceDirectory D:\java\Distriuted systems\asignment\app\src\main\resources
2024-10-03 15:26:58,107 [Worker-8: Building] INFO  o.a.m.s.f.DefaultMavenResourcesFiltering - skip non existing resourceDirectory D:\java\Distriuted systems\asignment\app\src\test\resources
2024-10-03 15:27:21,337 [Worker-21: Building] INFO  o.a.m.s.f.DefaultMavenResourcesFiltering - skip non existing resourceDirectory D:\java\Distriuted systems\asignment\app\src\main\resources
2024-10-03 15:27:21,340 [Worker-21: Building] INFO  o.a.m.s.f.DefaultMavenResourcesFiltering - skip non existing resourceDirectory D:\java\Distriuted systems\asignment\app\src\test\resources
2024-10-03 15:36:29,199 [Worker-7: Building] INFO  o.e.m.c.i.l.LifecycleMappingFactory - Using org.eclipse.m2e.jdt.JarLifecycleMapping lifecycle mapping for MavenProject: com.weather:app:0.0.1-SNAPSHOT @ D:\java\Distriuted systems\asignment\app\pom.xml.
2024-10-03 15:36:29,829 [Worker-7: Building] INFO  o.e.m.c.i.e.AbstractTransferListenerAdapter - Downloading https://repo.maven.apache.org/maven2/com/google/code/gson/gson/2.11.0/gson-2.11.0.pom
2024-10-03 15:36:29,939 [Worker-7: Building] INFO  o.e.m.c.i.e.AbstractTransferListenerAdapter - Downloaded https://repo.maven.apache.org/maven2/com/google/code/gson/gson/2.11.0/gson-2.11.0.pom
2024-10-03 15:36:30,139 [Worker-7: Building] INFO  o.e.m.c.i.e.AbstractTransferListenerAdapter - Downloading https://repo.maven.apache.org/maven2/com/google/code/gson/gson-parent/2.11.0/gson-parent-2.11.0.pom
2024-10-03 15:36:30,214 [Worker-7: Building] INFO  o.e.m.c.i.e.AbstractTransferListenerAdapter - Downloaded https://repo.maven.apache.org/maven2/com/google/code/gson/gson-parent/2.11.0/gson-parent-2.11.0.pom
2024-10-03 15:36:30,288 [Worker-7: Building] INFO  o.e.m.c.i.e.AbstractTransferListenerAdapter - Downloading https://repo.maven.apache.org/maven2/com/google/errorprone/error_prone_annotations/2.27.0/error_prone_annotations-2.27.0.pom
2024-10-03 15:36:30,302 [Worker-7: Building] INFO  o.e.m.c.i.e.AbstractTransferListenerAdapter - Downloaded https://repo.maven.apache.org/maven2/com/google/errorprone/error_prone_annotations/2.27.0/error_prone_annotations-2.27.0.pom
2024-10-03 15:36:30,416 [Worker-7: Building] INFO  o.e.m.c.i.e.AbstractTransferListenerAdapter - Downloading https://repo.maven.apache.org/maven2/com/google/errorprone/error_prone_parent/2.27.0/error_prone_parent-2.27.0.pom
2024-10-03 15:36:30,445 [Worker-7: Building] INFO  o.e.m.c.i.e.AbstractTransferListenerAdapter - Downloaded https://repo.maven.apache.org/maven2/com/google/errorprone/error_prone_parent/2.27.0/error_prone_parent-2.27.0.pom
2024-10-03 15:36:30,603 [Worker-7: Building] INFO  o.e.m.c.i.e.AbstractTransferListenerAdapter - Downloading https://repo.maven.apache.org/maven2/com/google/code/gson/gson/2.11.0/gson-2.11.0.jar
2024-10-03 15:36:30,967 [Worker-7: Building] INFO  o.e.m.c.i.e.AbstractTransferListenerAdapter - Downloaded https://repo.maven.apache.org/maven2/com/google/code/gson/gson/2.11.0/gson-2.11.0.jar
2024-10-03 15:36:31,002 [BasicRepositoryConnector-repo.maven.apache.org-0-0] INFO  o.e.m.c.i.e.AbstractTransferListenerAdapter - Downloading https://repo.maven.apache.org/maven2/com/google/errorprone/error_prone_annotations/2.27.0/error_prone_annotations-2.27.0.jar
2024-10-03 15:36:31,180 [BasicRepositoryConnector-repo.maven.apache.org-0-0] INFO  o.e.m.c.i.e.AbstractTransferListenerAdapter - Downloaded https://repo.maven.apache.org/maven2/com/google/errorprone/error_prone_annotations/2.27.0/error_prone_annotations-2.27.0.jar
2024-10-03 15:36:31,365 [Worker-7: Building] INFO  o.a.m.s.f.DefaultMavenResourcesFiltering - skip non existing resourceDirectory D:\java\Distriuted systems\asignment\app\src\main\resources
2024-10-03 15:36:31,369 [Worker-7: Building] INFO  o.a.m.s.f.DefaultMavenResourcesFiltering - skip non existing resourceDirectory D:\java\Distriuted systems\asignment\app\src\test\resources
2024-10-03 15:36:32,374 [Worker-7: Download sources and javadoc] INFO  o.e.m.c.i.e.AbstractTransferListenerAdapter - Downloading https://repo.maven.apache.org/maven2/com/google/code/gson/gson/2.11.0/gson-2.11.0-sources.jar
2024-10-03 15:36:32,550 [Worker-22: Building] INFO  o.a.m.s.f.DefaultMavenResourcesFiltering - skip non existing resourceDirectory D:\java\Distriuted systems\asignment\app\src\main\resources
2024-10-03 15:36:32,552 [Worker-22: Building] INFO  o.a.m.s.f.DefaultMavenResourcesFiltering - skip non existing resourceDirectory D:\java\Distriuted systems\asignment\app\src\test\resources
2024-10-03 15:36:32,596 [Worker-7: Download sources and javadoc] INFO  o.e.m.c.i.e.AbstractTransferListenerAdapter - Downloaded https://repo.maven.apache.org/maven2/com/google/code/gson/gson/2.11.0/gson-2.11.0-sources.jar
2024-10-03 15:36:32,600 [Worker-7: Download sources and javadoc] INFO  o.e.m.j.internal.DownloadSourcesJob - Downloaded sources for com.google.code.gson:gson:2.11.0
2024-10-03 15:36:32,696 [Worker-7: Download sources and javadoc] INFO  o.e.m.c.i.e.AbstractTransferListenerAdapter - Downloading https://repo.maven.apache.org/maven2/com/google/errorprone/error_prone_annotations/2.27.0/error_prone_annotations-2.27.0-sources.jar
2024-10-03 15:36:33,037 [Worker-7: Download sources and javadoc] INFO  o.e.m.c.i.e.AbstractTransferListenerAdapter - Downloaded https://repo.maven.apache.org/maven2/com/google/errorprone/error_prone_annotations/2.27.0/error_prone_annotations-2.27.0-sources.jar
2024-10-03 15:36:33,040 [Worker-7: Download sources and javadoc] INFO  o.e.m.j.internal.DownloadSourcesJob - Downloaded sources for com.google.errorprone:error_prone_annotations:2.27.0
2024-10-03 15:39:21,259 [Worker-6: Building] INFO  o.a.m.s.f.DefaultMavenResourcesFiltering - skip non existing resourceDirectory D:\java\Distriuted systems\asignment\app\src\main\resources
2024-10-03 15:39:21,261 [Worker-6: Building] INFO  o.a.m.s.f.DefaultMavenResourcesFiltering - skip non existing resourceDirectory D:\java\Distriuted systems\asignment\app\src\test\resources
2024-10-03 15:40:07,459 [Worker-7: Building] INFO  o.a.m.s.f.DefaultMavenResourcesFiltering - skip non existing resourceDirectory D:\java\Distriuted systems\asignment\app\src\main\resources
2024-10-03 15:40:07,460 [Worker-7: Building] INFO  o.a.m.s.f.DefaultMavenResourcesFiltering - skip non existing resourceDirectory D:\java\Distriuted systems\asignment\app\src\test\resources
2024-10-03 15:40:54,324 [Worker-23: Building] INFO  o.a.m.s.f.DefaultMavenResourcesFiltering - skip non existing resourceDirectory D:\java\Distriuted systems\asignment\app\src\main\resources
2024-10-03 15:40:54,326 [Worker-23: Building] INFO  o.a.m.s.f.DefaultMavenResourcesFiltering - skip non existing resourceDirectory D:\java\Distriuted systems\asignment\app\src\test\resources
2024-10-03 15:41:11,469 [Worker-7: Building] INFO  o.a.m.s.f.DefaultMavenResourcesFiltering - skip non existing resourceDirectory D:\java\Distriuted systems\asignment\app\src\main\resources
2024-10-03 15:41:11,471 [Worker-7: Building] INFO  o.a.m.s.f.DefaultMavenResourcesFiltering - skip non existing resourceDirectory D:\java\Distriuted systems\asignment\app\src\test\resources
2024-10-03 15:47:06,197 [Worker-7: Building] INFO  o.e.m.c.i.l.LifecycleMappingFactory - Using org.eclipse.m2e.jdt.JarLifecycleMapping lifecycle mapping for MavenProject: com.weather:app:0.0.1-SNAPSHOT @ D:\java\Distriuted systems\asignment\app\pom.xml.
2024-10-03 15:47:06,288 [Worker-7: Building] INFO  o.e.m.c.i.e.AbstractTransferListenerAdapter - Downloading https://repo.maven.apache.org/maven2/org/mockito/mockito-core/3.9.0/mockito-core-3.9.0.pom
2024-10-03 15:47:06,308 [Worker-7: Building] INFO  o.e.m.c.i.e.AbstractTransferListenerAdapter - Downloaded https://repo.maven.apache.org/maven2/org/mockito/mockito-core/3.9.0/mockito-core-3.9.0.pom
2024-10-03 15:47:06,328 [Worker-7: Building] INFO  o.e.m.c.i.e.AbstractTransferListenerAdapter - Downloading https://repo.maven.apache.org/maven2/net/bytebuddy/byte-buddy/1.10.20/byte-buddy-1.10.20.pom
2024-10-03 15:47:06,346 [Worker-7: Building] INFO  o.e.m.c.i.e.AbstractTransferListenerAdapter - Downloaded https://repo.maven.apache.org/maven2/net/bytebuddy/byte-buddy/1.10.20/byte-buddy-1.10.20.pom
2024-10-03 15:47:06,379 [Worker-7: Building] INFO  o.e.m.c.i.e.AbstractTransferListenerAdapter - Downloading https://repo.maven.apache.org/maven2/net/bytebuddy/byte-buddy-parent/1.10.20/byte-buddy-parent-1.10.20.pom
2024-10-03 15:47:06,437 [Worker-7: Building] INFO  o.e.m.c.i.e.AbstractTransferListenerAdapter - Downloaded https://repo.maven.apache.org/maven2/net/bytebuddy/byte-buddy-parent/1.10.20/byte-buddy-parent-1.10.20.pom
2024-10-03 15:47:06,467 [Worker-7: Building] INFO  o.e.m.c.i.e.AbstractTransferListenerAdapter - Downloading https://repo.maven.apache.org/maven2/net/bytebuddy/byte-buddy-agent/1.10.20/byte-buddy-agent-1.10.20.pom
2024-10-03 15:47:06,489 [Worker-7: Building] INFO  o.e.m.c.i.e.AbstractTransferListenerAdapter - Downloaded https://repo.maven.apache.org/maven2/net/bytebuddy/byte-buddy-agent/1.10.20/byte-buddy-agent-1.10.20.pom
2024-10-03 15:47:06,521 [Worker-7: Building] INFO  o.e.m.c.i.e.AbstractTransferListenerAdapter - Downloading https://repo.maven.apache.org/maven2/org/objenesis/objenesis/3.2/objenesis-3.2.pom
2024-10-03 15:47:06,541 [Worker-7: Building] INFO  o.e.m.c.i.e.AbstractTransferListenerAdapter - Downloaded https://repo.maven.apache.org/maven2/org/objenesis/objenesis/3.2/objenesis-3.2.pom
2024-10-03 15:47:06,568 [Worker-7: Building] INFO  o.e.m.c.i.e.AbstractTransferListenerAdapter - Downloading https://repo.maven.apache.org/maven2/org/objenesis/objenesis-parent/3.2/objenesis-parent-3.2.pom
2024-10-03 15:47:06,588 [Worker-7: Building] INFO  o.e.m.c.i.e.AbstractTransferListenerAdapter - Downloaded https://repo.maven.apache.org/maven2/org/objenesis/objenesis-parent/3.2/objenesis-parent-3.2.pom
2024-10-03 15:47:06,628 [Worker-7: Building] INFO  o.e.m.c.i.e.AbstractTransferListenerAdapter - Downloading https://repo.maven.apache.org/maven2/org/mockito/mockito-core/3.9.0/mockito-core-3.9.0.jar
2024-10-03 15:47:06,992 [Worker-7: Building] INFO  o.e.m.c.i.e.AbstractTransferListenerAdapter - Downloaded https://repo.maven.apache.org/maven2/org/mockito/mockito-core/3.9.0/mockito-core-3.9.0.jar
2024-10-03 15:47:07,048 [BasicRepositoryConnector-repo.maven.apache.org-1-2] INFO  o.e.m.c.i.e.AbstractTransferListenerAdapter - Downloading https://repo.maven.apache.org/maven2/org/objenesis/objenesis/3.2/objenesis-3.2.jar
2024-10-03 15:47:07,144 [BasicRepositoryConnector-repo.maven.apache.org-1-0] INFO  o.e.m.c.i.e.AbstractTransferListenerAdapter - Downloading https://repo.maven.apache.org/maven2/net/bytebuddy/byte-buddy/1.10.20/byte-buddy-1.10.20.jar
2024-10-03 15:47:07,144 [BasicRepositoryConnector-repo.maven.apache.org-1-1] INFO  o.e.m.c.i.e.AbstractTransferListenerAdapter - Downloading https://repo.maven.apache.org/maven2/net/bytebuddy/byte-buddy-agent/1.10.20/byte-buddy-agent-1.10.20.jar
2024-10-03 15:47:07,330 [BasicRepositoryConnector-repo.maven.apache.org-1-1] INFO  o.e.m.c.i.e.AbstractTransferListenerAdapter - Downloaded https://repo.maven.apache.org/maven2/net/bytebuddy/byte-buddy-agent/1.10.20/byte-buddy-agent-1.10.20.jar
2024-10-03 15:47:07,520 [BasicRepositoryConnector-repo.maven.apache.org-1-2] INFO  o.e.m.c.i.e.AbstractTransferListenerAdapter - Downloaded https://repo.maven.apache.org/maven2/org/objenesis/objenesis/3.2/objenesis-3.2.jar
2024-10-03 15:47:08,386 [BasicRepositoryConnector-repo.maven.apache.org-1-0] INFO  o.e.m.c.i.e.AbstractTransferListenerAdapter - Downloaded https://repo.maven.apache.org/maven2/net/bytebuddy/byte-buddy/1.10.20/byte-buddy-1.10.20.jar
2024-10-03 15:47:08,498 [Worker-7: Building] INFO  o.a.m.s.f.DefaultMavenResourcesFiltering - skip non existing resourceDirectory D:\java\Distriuted systems\asignment\app\src\main\resources
2024-10-03 15:47:08,502 [Worker-7: Building] INFO  o.a.m.s.f.DefaultMavenResourcesFiltering - skip non existing resourceDirectory D:\java\Distriuted systems\asignment\app\src\test\resources
2024-10-03 15:47:09,514 [Worker-25: Download sources and javadoc] INFO  o.e.m.c.i.e.AbstractTransferListenerAdapter - Downloading https://repo.maven.apache.org/maven2/org/mockito/mockito-core/3.9.0/mockito-core-3.9.0-sources.jar
2024-10-03 15:47:09,664 [Worker-26: Building] INFO  o.a.m.s.f.DefaultMavenResourcesFiltering - skip non existing resourceDirectory D:\java\Distriuted systems\asignment\app\src\main\resources
2024-10-03 15:47:09,665 [Worker-26: Building] INFO  o.a.m.s.f.DefaultMavenResourcesFiltering - skip non existing resourceDirectory D:\java\Distriuted systems\asignment\app\src\test\resources
2024-10-03 15:47:09,712 [Worker-25: Download sources and javadoc] INFO  o.e.m.c.i.e.AbstractTransferListenerAdapter - Downloaded https://repo.maven.apache.org/maven2/org/mockito/mockito-core/3.9.0/mockito-core-3.9.0-sources.jar
2024-10-03 15:47:09,714 [Worker-25: Download sources and javadoc] INFO  o.e.m.j.internal.DownloadSourcesJob - Downloaded sources for org.mockito:mockito-core:3.9.0
2024-10-03 15:47:09,770 [Worker-25: Download sources and javadoc] INFO  o.e.m.c.i.e.AbstractTransferListenerAdapter - Downloading https://repo.maven.apache.org/maven2/net/bytebuddy/byte-buddy/1.10.20/byte-buddy-1.10.20-sources.jar
2024-10-03 15:47:10,139 [Worker-25: Download sources and javadoc] INFO  o.e.m.c.i.e.AbstractTransferListenerAdapter - Downloaded https://repo.maven.apache.org/maven2/net/bytebuddy/byte-buddy/1.10.20/byte-buddy-1.10.20-sources.jar
2024-10-03 15:47:10,143 [Worker-25: Download sources and javadoc] INFO  o.e.m.j.internal.DownloadSourcesJob - Downloaded sources for net.bytebuddy:byte-buddy:1.10.20
2024-10-03 15:47:10,203 [Worker-25: Download sources and javadoc] INFO  o.e.m.c.i.e.AbstractTransferListenerAdapter - Downloading https://repo.maven.apache.org/maven2/net/bytebuddy/byte-buddy-agent/1.10.20/byte-buddy-agent-1.10.20-sources.jar
2024-10-03 15:47:10,322 [Worker-25: Download sources and javadoc] INFO  o.e.m.c.i.e.AbstractTransferListenerAdapter - Downloaded https://repo.maven.apache.org/maven2/net/bytebuddy/byte-buddy-agent/1.10.20/byte-buddy-agent-1.10.20-sources.jar
2024-10-03 15:47:10,332 [Worker-25: Download sources and javadoc] INFO  o.e.m.j.internal.DownloadSourcesJob - Downloaded sources for net.bytebuddy:byte-buddy-agent:1.10.20
2024-10-03 15:47:10,406 [Worker-25: Download sources and javadoc] INFO  o.e.m.c.i.e.AbstractTransferListenerAdapter - Downloading https://repo.maven.apache.org/maven2/org/objenesis/objenesis/3.2/objenesis-3.2-sources.jar
2024-10-03 15:47:10,446 [Worker-25: Download sources and javadoc] INFO  o.e.m.c.i.e.AbstractTransferListenerAdapter - Downloaded https://repo.maven.apache.org/maven2/org/objenesis/objenesis/3.2/objenesis-3.2-sources.jar
2024-10-03 15:47:10,448 [Worker-25: Download sources and javadoc] INFO  o.e.m.j.internal.DownloadSourcesJob - Downloaded sources for org.objenesis:objenesis:3.2
2024-10-03 15:48:35,474 [Worker-7: Building] INFO  o.e.m.c.i.l.LifecycleMappingFactory - Using org.eclipse.m2e.jdt.JarLifecycleMapping lifecycle mapping for MavenProject: com.weather:app:0.0.1-SNAPSHOT @ D:\java\Distriuted systems\asignment\app\pom.xml.
2024-10-03 15:48:35,612 [Worker-7: Building] INFO  o.a.m.s.f.DefaultMavenResourcesFiltering - skip non existing resourceDirectory D:\java\Distriuted systems\asignment\app\src\main\resources
2024-10-03 15:48:35,616 [Worker-7: Building] INFO  o.a.m.s.f.DefaultMavenResourcesFiltering - skip non existing resourceDirectory D:\java\Distriuted systems\asignment\app\src\test\resources
2024-10-03 15:49:16,631 [Worker-23: Building] INFO  o.a.m.s.f.DefaultMavenResourcesFiltering - skip non existing resourceDirectory D:\java\Distriuted systems\asignment\app\src\main\resources
2024-10-03 15:49:16,633 [Worker-23: Building] INFO  o.a.m.s.f.DefaultMavenResourcesFiltering - skip non existing resourceDirectory D:\java\Distriuted systems\asignment\app\src\test\resources
2024-10-03 15:49:34,530 [Worker-26: Building] INFO  o.a.m.s.f.DefaultMavenResourcesFiltering - skip non existing resourceDirectory D:\java\Distriuted systems\asignment\app\src\main\resources
2024-10-03 15:49:34,532 [Worker-26: Building] INFO  o.a.m.s.f.DefaultMavenResourcesFiltering - skip non existing resourceDirectory D:\java\Distriuted systems\asignment\app\src\test\resources
2024-10-03 15:50:33,631 [Worker-7: Building] INFO  o.a.m.s.f.DefaultMavenResourcesFiltering - skip non existing resourceDirectory D:\java\Distriuted systems\asignment\app\src\main\resources
2024-10-03 15:50:33,632 [Worker-7: Building] INFO  o.a.m.s.f.DefaultMavenResourcesFiltering - skip non existing resourceDirectory D:\java\Distriuted systems\asignment\app\src\test\resources
2024-10-03 16:36:14,395 [Worker-25: Building] INFO  o.a.m.s.f.DefaultMavenResourcesFiltering - skip non existing resourceDirectory D:\java\Distriuted systems\asignment\app\src\main\resources
2024-10-03 16:36:14,398 [Worker-25: Building] INFO  o.a.m.s.f.DefaultMavenResourcesFiltering - skip non existing resourceDirectory D:\java\Distriuted systems\asignment\app\src\test\resources
2024-10-03 16:38:36,279 [Worker-31: Building] INFO  o.a.m.s.f.DefaultMavenResourcesFiltering - skip non existing resourceDirectory D:\java\Distriuted systems\asignment\app\src\main\resources
2024-10-03 16:38:36,281 [Worker-31: Building] INFO  o.a.m.s.f.DefaultMavenResourcesFiltering - skip non existing resourceDirectory D:\java\Distriuted systems\asignment\app\src\test\resources
2024-10-03 16:55:44,691 [Worker-29: Building] INFO  o.a.m.s.f.DefaultMavenResourcesFiltering - skip non existing resourceDirectory D:\java\Distriuted systems\asignment\app\src\main\resources
2024-10-03 16:55:44,693 [Worker-29: Building] INFO  o.a.m.s.f.DefaultMavenResourcesFiltering - skip non existing resourceDirectory D:\java\Distriuted systems\asignment\app\src\test\resources
2024-10-03 16:56:06,561 [Worker-29: Building] INFO  o.a.m.s.f.DefaultMavenResourcesFiltering - skip non existing resourceDirectory D:\java\Distriuted systems\asignment\app\src\main\resources
2024-10-03 16:56:06,562 [Worker-29: Building] INFO  o.a.m.s.f.DefaultMavenResourcesFiltering - skip non existing resourceDirectory D:\java\Distriuted systems\asignment\app\src\test\resources
2024-10-03 19:25:37,575 [Worker-42: Building] INFO  o.a.m.s.f.DefaultMavenResourcesFiltering - skip non existing resourceDirectory D:\java\Distriuted systems\asignment\app\src\main\resources
2024-10-03 19:25:37,577 [Worker-42: Building] INFO  o.a.m.s.f.DefaultMavenResourcesFiltering - skip non existing resourceDirectory D:\java\Distriuted systems\asignment\app\src\test\resources
2024-10-03 19:25:54,447 [Worker-41: Building] INFO  o.a.m.s.f.DefaultMavenResourcesFiltering - skip non existing resourceDirectory D:\java\Distriuted systems\asignment\app\src\main\resources
2024-10-03 19:25:54,452 [Worker-41: Building] INFO  o.a.m.s.f.DefaultMavenResourcesFiltering - skip non existing resourceDirectory D:\java\Distriuted systems\asignment\app\src\test\resources
2024-10-03 19:26:08,662 [Worker-41: Building] INFO  o.a.m.s.f.DefaultMavenResourcesFiltering - skip non existing resourceDirectory D:\java\Distriuted systems\asignment\app\src\main\resources
2024-10-03 19:26:08,665 [Worker-41: Building] INFO  o.a.m.s.f.DefaultMavenResourcesFiltering - skip non existing resourceDirectory D:\java\Distriuted systems\asignment\app\src\test\resources
2024-10-03 19:26:23,636 [Worker-38: Building] INFO  o.a.m.s.f.DefaultMavenResourcesFiltering - skip non existing resourceDirectory D:\java\Distriuted systems\asignment\app\src\main\resources
2024-10-03 19:26:23,641 [Worker-38: Building] INFO  o.a.m.s.f.DefaultMavenResourcesFiltering - skip non existing resourceDirectory D:\java\Distriuted systems\asignment\app\src\test\resources
2024-10-03 19:28:27,635 [Worker-41: Building] INFO  o.a.m.s.f.DefaultMavenResourcesFiltering - skip non existing resourceDirectory D:\java\Distriuted systems\asignment\app\src\main\resources
2024-10-03 19:28:27,639 [Worker-41: Building] INFO  o.a.m.s.f.DefaultMavenResourcesFiltering - skip non existing resourceDirectory D:\java\Distriuted systems\asignment\app\src\test\resources
2024-10-03 19:28:52,088 [Worker-42: Building] INFO  o.a.m.s.f.DefaultMavenResourcesFiltering - skip non existing resourceDirectory D:\java\Distriuted systems\asignment\app\src\main\resources
2024-10-03 19:28:52,091 [Worker-42: Building] INFO  o.a.m.s.f.DefaultMavenResourcesFiltering - skip non existing resourceDirectory D:\java\Distriuted systems\asignment\app\src\test\resources
2024-10-03 19:29:08,181 [Worker-43: Building] INFO  o.a.m.s.f.DefaultMavenResourcesFiltering - skip non existing resourceDirectory D:\java\Distriuted systems\asignment\app\src\main\resources
2024-10-03 19:29:08,185 [Worker-43: Building] INFO  o.a.m.s.f.DefaultMavenResourcesFiltering - skip non existing resourceDirectory D:\java\Distriuted systems\asignment\app\src\test\resources
2024-10-03 19:29:45,856 [Worker-38: Building] INFO  o.a.m.s.f.DefaultMavenResourcesFiltering - skip non existing resourceDirectory D:\java\Distriuted systems\asignment\app\src\main\resources
2024-10-03 19:29:45,859 [Worker-38: Building] INFO  o.a.m.s.f.DefaultMavenResourcesFiltering - skip non existing resourceDirectory D:\java\Distriuted systems\asignment\app\src\test\resources
2024-10-03 19:30:34,890 [Worker-39: Building] INFO  o.a.m.s.f.DefaultMavenResourcesFiltering - skip non existing resourceDirectory D:\java\Distriuted systems\asignment\app\src\main\resources
2024-10-03 19:30:34,893 [Worker-39: Building] INFO  o.a.m.s.f.DefaultMavenResourcesFiltering - skip non existing resourceDirectory D:\java\Distriuted systems\asignment\app\src\test\resources
2024-10-03 19:34:56,699 [Worker-41: Building] INFO  o.a.m.s.f.DefaultMavenResourcesFiltering - skip non existing resourceDirectory D:\java\Distriuted systems\asignment\app\src\main\resources
2024-10-03 19:34:56,701 [Worker-41: Building] INFO  o.a.m.s.f.DefaultMavenResourcesFiltering - skip non existing resourceDirectory D:\java\Distriuted systems\asignment\app\src\test\resources
2024-10-03 20:23:43,591 [Worker-45: Building] INFO  o.a.m.s.f.DefaultMavenResourcesFiltering - skip non existing resourceDirectory D:\java\Distriuted systems\asignment\app\src\main\resources
2024-10-03 20:23:43,593 [Worker-45: Building] INFO  o.a.m.s.f.DefaultMavenResourcesFiltering - skip non existing resourceDirectory D:\java\Distriuted systems\asignment\app\src\test\resources
2024-10-03 20:28:29,272 [Worker-50: Building] INFO  o.a.m.s.f.DefaultMavenResourcesFiltering - skip non existing resourceDirectory D:\java\Distriuted systems\asignment\app\src\main\resources
2024-10-03 20:28:29,279 [Worker-50: Building] INFO  o.a.m.s.f.DefaultMavenResourcesFiltering - skip non existing resourceDirectory D:\java\Distriuted systems\asignment\app\src\test\resources
2024-10-03 20:29:24,829 [Worker-45: Building] INFO  o.a.m.s.f.DefaultMavenResourcesFiltering - skip non existing resourceDirectory D:\java\Distriuted systems\asignment\app\src\main\resources
2024-10-03 20:29:24,833 [Worker-45: Building] INFO  o.a.m.s.f.DefaultMavenResourcesFiltering - skip non existing resourceDirectory D:\java\Distriuted systems\asignment\app\src\test\resources
2024-10-03 20:29:55,105 [Worker-45: Building] INFO  o.a.m.s.f.DefaultMavenResourcesFiltering - skip non existing resourceDirectory D:\java\Distriuted systems\asignment\app\src\main\resources
2024-10-03 20:29:55,110 [Worker-45: Building] INFO  o.a.m.s.f.DefaultMavenResourcesFiltering - skip non existing resourceDirectory D:\java\Distriuted systems\asignment\app\src\test\resources
